Ξ_PointEval failed: PointEval failed
Ξ_PointEval failed: PointEval failed
Ξ_PointEval failed: PointEval failed
Ξ_PointEval failed: PointEval failed
Ξ_PointEval failed: PointEval failed
Ξ_PointEval failed: PointEval failed
Ξ_PointEval failed: PointEval failed
Ξ_PointEval failed: PointEval failed
Ξ_PointEval failed: PointEval failed
Ξ_PointEval failed: PointEval failed
Ξ_PointEval failed: PointEval failed
Ξ_PointEval failed: PointEval failed
Ξ_PointEval failed: PointEval failed
Ξ_PointEval failed: PointEval failed
Ξ_PointEval failed: PointEval failed
Ξ_PointEval failed: PointEval failed
Ξ_PointEval failed: PointEval failed
Ξ_PointEval failed: PointEval failed
Ξ_PointEval failed: PointEval failed
Ξ_PointEval failed: PointEval failed
Ξ_PointEval failed: PointEval failed
Ξ_PointEval failed: PointEval failed
Ξ_PointEval failed: PointEval failed
Ξ_PointEval failed: PointEval failed
Ξ_PointEval failed: PointEval failed
Ξ_PointEval failed: PointEval failed
Ξ_PointEval failed: PointEval failed
Ξ_PointEval failed: PointEval failed
Ξ_PointEval failed: PointEval failed
Ξ_PointEval failed: PointEval failed
Ξ_PointEval failed: PointEval failed
Ξ_PointEval failed: PointEval failed
Ξ_PointEval failed: PointEval failed
Ξ_PointEval failed: PointEval failed
Ξ_PointEval failed: PointEval failed
Ξ_PointEval failed: PointEval failed
Ξ_PointEval failed: PointEval failed
Ξ_PointEval failed: PointEval failed
Ξ_PointEval failed: PointEval failed
Ξ_PointEval failed: PointEval failed
Ξ_PointEval failed: PointEval failed
Ξ_PointEval failed: PointEval failed
Ξ_PointEval failed: PointEval failed
Ξ_PointEval failed: PointEval failed
Ξ_PointEval failed: PointEval failed
Ξ_PointEval failed: PointEval failed
Ξ_PointEval failed: PointEval failed
Ξ_PointEval failed: PointEval failed
Ξ_PointEval failed: PointEval failed
Ξ_PointEval failed: PointEval failed
Ξ_PointEval failed: PointEval failed
Ξ_PointEval failed: PointEval failed
Ξ_PointEval failed: PointEval failed
Ξ_PointEval failed: PointEval failed
Ξ_PointEval failed: PointEval failed
Ξ_PointEval failed: PointEval failed
Ξ_PointEval failed: PointEval failed
Ξ_PointEval failed: PointEval failed
Ξ_PointEval failed: PointEval failed
Ξ_PointEval failed: PointEval failed
Ξ_PointEval failed: PointEval failed
Ξ_PointEval failed: PointEval failed
Ξ_PointEval failed: PointEval failed
Ξ_PointEval failed: PointEval failed
Ξ_PointEval failed: PointEval failed
Ξ_PointEval failed: PointEval failed
Ξ_PointEval failed: PointEval failed
Ξ_PointEval failed: PointEval failed
Ξ_PointEval failed: PointEval failed
Ξ_PointEval failed: PointEval failed
Ξ_PointEval failed: PointEval failed
Ξ_PointEval failed: PointEval failed
Ξ_PointEval failed: PointEval failed
Ξ_PointEval failed: PointEval failed
Ξ_PointEval failed: PointEval failed
Ξ_PointEval failed: PointEval failed
Ξ_PointEval failed: PointEval failed
Ξ_PointEval failed: PointEval failed
Ξ_PointEval failed: PointEval failed
Ξ_PointEval failed: PointEval failed
Ξ_PointEval failed: PointEval failed
Ξ_PointEval failed: PointEval failed
Scheduling 6 test files for parallel execution...
Running...
Total tests: 164
The post was NOT equal to the resulting state: 0
Succeeded: 164
Success rate of: 100.000000
Failed tests:
#[]
